<?xml version="1.0" encoding="UTF-8"?>
<testng-results skipped="0" failed="0" ignored="0" total="2" passed="2">
  <reporter-output>
  </reporter-output>
  <suite name="Default suite" duration-ms="640" started-at="2018-12-08T19:00:19Z" finished-at="2018-12-08T19:00:19Z">
    <groups>
    </groups>
    <test name="Default test" duration-ms="640" started-at="2018-12-08T19:00:19Z" finished-at="2018-12-08T19:00:19Z">
      <class name="com.growsure.app.verifyHeaderContent">
        <test-method status="PASS" signature="toInvokeURL()[pri:0, instance:com.growsure.app.verifyHeaderContent@27efef64]" name="toInvokeURL" is-config="true" duration-ms="28499" started-at="2018-12-08T18:59:50Z" finished-at="2018-12-08T19:00:19Z">
          <reporter-output>
          </reporter-output>
        </test-method> <!-- toInvokeURL -->
        <test-method status="PASS" signature="imageVerify()[pri:0, instance:com.growsure.app.verifyHeaderContent@27efef64]" name="imageVerify" duration-ms="172" started-at="2018-12-08T19:00:19Z" finished-at="2018-12-08T19:00:19Z">
          <reporter-output>
          </reporter-output>
        </test-method> <!-- imageVerify -->
        <test-method status="PASS" signature="verifyHeader()[pri:0, instance:com.growsure.app.verifyHeaderContent@27efef64]" name="verifyHeader" duration-ms="428" started-at="2018-12-08T19:00:19Z" finished-at="2018-12-08T19:00:19Z">
          <reporter-output>
          </reporter-output>
        </test-method> <!-- verifyHeader -->
        <test-method status="PASS" signature="toCloseBrowser()[pri:0, instance:com.growsure.app.verifyHeaderContent@27efef64]" name="toCloseBrowser" is-config="true" duration-ms="832" started-at="2018-12-08T19:00:20Z" finished-at="2018-12-08T19:00:20Z">
          <reporter-output>
          </reporter-output>
        </test-method> <!-- toCloseBrowser -->
      </class> <!-- com.growsure.app.verifyHeaderContent -->
    </test> <!-- Default test -->
  </suite> <!-- Default suite -->
</testng-results>
