<?xml version="1.0" encoding="UTF-8"?>
<testng-results skipped="0" failed="0" ignored="0" total="1" passed="1">
  <reporter-output>
  </reporter-output>
  <suite name="Suite" duration-ms="47" started-at="2018-11-25T05:35:22Z" finished-at="2018-11-25T05:35:22Z">
    <groups>
    </groups>
    <test name="Test" duration-ms="47" started-at="2018-11-25T05:35:22Z" finished-at="2018-11-25T05:35:22Z">
      <class name="testNGAnotherPackage.ParameterExample">
        <test-method status="PASS" signature="fetchingVariable(java.lang.String, java.lang.String, java.lang.String)[pri:0, instance:testNGAnotherPackage.ParameterExample@5d5eef3d]" name="fetchingVariable" duration-ms="16" started-at="2018-11-25T05:35:22Z" finished-at="2018-11-25T05:35:22Z">
          <params>
            <param index="0">
              <value>
                <![CDATA[https://unduit.com/uat]]>
              </value>
            </param>
            <param index="1">
              <value>
                <![CDATA[cpr@mailinator.com]]>
              </value>
            </param>
            <param index="2">
              <value>
                <![CDATA[123456]]>
              </value>
            </param>
          </params>
          <reporter-output>
          </reporter-output>
        </test-method> <!-- fetchingVariable -->
      </class> <!-- testNGAnotherPackage.ParameterExample -->
    </test> <!-- Test -->
  </suite> <!-- Suite -->
</testng-results>
