<?xml version="1.0" encoding="UTF-8"?>
<testng-results skipped="0" failed="0" ignored="0" total="1" passed="1">
  <reporter-output>
  </reporter-output>
  <suite name="Default suite" duration-ms="42" started-at="2018-11-26T18:17:34Z" finished-at="2018-11-26T18:17:34Z">
    <groups>
    </groups>
    <test name="Default test" duration-ms="42" started-at="2018-11-26T18:17:34Z" finished-at="2018-11-26T18:17:34Z">
      <class name="ParameterExample">
        <test-method status="PASS" signature="fetchingVariab()[pri:0, instance:ParameterExample@1810399e]" name="fetchingVariab" duration-ms="11" started-at="2018-11-26T18:17:34Z" finished-at="2018-11-26T18:17:34Z">
          <reporter-output>
          </reporter-output>
        </test-method> <!-- fetchingVariab -->
      </class> <!-- ParameterExample -->
    </test> <!-- Default test -->
  </suite> <!-- Default suite -->
</testng-results>
